<?xml version="1.0" encoding="UTF-8"?>
<coverage generated="1475512469">
  <project timestamp="1475512469">
    <package name="Ecfectus\Pipeline">
      <file name="/Users/leemason/ecfectus/pipeline/src/FirstArgumentPipeline.php">
        <class name="FirstArgumentPipeline" namespace="Ecfectus\Pipeline">
          <metrics complexity="2" methods="1" coveredmethods="1" conditionals="0" coveredconditionals="0" statements="3" coveredstatements="3" elements="4" coveredelements="4"/>
        </class>
        <line num="17" type="method" name="__invoke" visibility="public" complexity="2" crap="2" count="2"/>
        <line num="19" type="stmt" count="2"/>
        <line num="20" type="stmt" count="2"/>
        <line num="22" type="stmt" count="2"/>
        <metrics loc="23" ncloc="14" classes="1" methods="1" coveredmethods="1" conditionals="0" coveredconditionals="0" statements="3" coveredstatements="3" elements="4" coveredelements="4"/>
      </file>
      <file name="/Users/leemason/ecfectus/pipeline/src/LastArgumentPipeline.php">
        <class name="LastArgumentPipeline" namespace="Ecfectus\Pipeline">
          <metrics complexity="2" methods="1" coveredmethods="1" conditionals="0" coveredconditionals="0" statements="3" coveredstatements="3" elements="4" coveredelements="4"/>
        </class>
        <line num="17" type="method" name="__invoke" visibility="public" complexity="2" crap="2" count="2"/>
        <line num="19" type="stmt" count="2"/>
        <line num="20" type="stmt" count="2"/>
        <line num="22" type="stmt" count="2"/>
        <metrics loc="23" ncloc="14" classes="1" methods="1" coveredmethods="1" conditionals="0" coveredconditionals="0" statements="3" coveredstatements="3" elements="4" coveredelements="4"/>
      </file>
      <file name="/Users/leemason/ecfectus/pipeline/src/Pipeline.php">
        <class name="Pipeline" namespace="Ecfectus\Pipeline">
          <metrics complexity="8" methods="6" coveredmethods="6" conditionals="0" coveredconditionals="0" statements="13" coveredstatements="13" elements="19" coveredelements="19"/>
        </class>
        <line num="21" type="method" name="__construct" visibility="public" complexity="1" crap="1" count="13"/>
        <line num="23" type="stmt" count="13"/>
        <line num="25" type="method" name="anonymous function" complexity="1" crap="1" count="11"/>
        <line num="26" type="stmt" count="11"/>
        <line num="28" type="stmt" count="13"/>
        <line num="33" type="method" name="setResolver" visibility="public" complexity="1" crap="1" count="1"/>
        <line num="35" type="stmt" count="1"/>
        <line num="36" type="stmt" count="1"/>
        <line num="42" type="method" name="push" visibility="public" complexity="1" crap="1" count="13"/>
        <line num="44" type="stmt" count="13"/>
        <line num="45" type="stmt" count="13"/>
        <line num="51" type="method" name="__invoke" visibility="public" complexity="3" crap="3" count="13"/>
        <line num="53" type="stmt" count="13"/>
        <line num="54" type="stmt" count="3"/>
        <line num="56" type="stmt" count="13"/>
        <line num="57" type="stmt" count="13"/>
        <line num="58" type="stmt" count="12"/>
        <line num="59" type="stmt" count="12"/>
        <line num="65" type="method" name="finished" visibility="public" complexity="1" crap="1" count="13"/>
        <line num="67" type="stmt" count="13"/>
        <metrics loc="70" ncloc="49" classes="1" methods="6" coveredmethods="6" conditionals="0" coveredconditionals="0" statements="14" coveredstatements="14" elements="20" coveredelements="20"/>
      </file>
    </package>
    <file name="/Users/leemason/ecfectus/pipeline/src/PipelineInterface.php">
      <metrics loc="55" ncloc="18" classes="0" methods="0" coveredmethods="0" conditionals="0" coveredconditionals="0" statements="0" coveredstatements="0" elements="0" coveredelements="0"/>
    </file>
    <metrics files="4" loc="171" ncloc="95" classes="3" methods="8" coveredmethods="8" conditionals="0" coveredconditionals="0" statements="20" coveredstatements="20" elements="28" coveredelements="28"/>
  </project>
</coverage>
