<?xml version="1.0" encoding="UTF-8"?>
<coverage generated="1475510474">
  <project timestamp="1475510474">
    <package name="Ecfectus\Pipeline">
      <file name="/Users/leemason/ecfectus/pipeline/src/Pipeline.php">
        <class name="Pipeline" namespace="Ecfectus\Pipeline">
          <metrics complexity="8" methods="6" coveredmethods="6" conditionals="0" coveredconditionals="0" statements="13" coveredstatements="13" elements="19" coveredelements="19"/>
        </class>
        <line num="21" type="method" name="__construct" visibility="public" complexity="1" crap="1" count="9"/>
        <line num="23" type="stmt" count="9"/>
        <line num="25" type="method" name="anonymous function" complexity="1" crap="1" count="7"/>
        <line num="26" type="stmt" count="7"/>
        <line num="28" type="stmt" count="9"/>
        <line num="33" type="method" name="setResolver" visibility="public" complexity="1" crap="1" count="1"/>
        <line num="35" type="stmt" count="1"/>
        <line num="36" type="stmt" count="1"/>
        <line num="42" type="method" name="push" visibility="public" complexity="1" crap="1" count="9"/>
        <line num="44" type="stmt" count="9"/>
        <line num="45" type="stmt" count="9"/>
        <line num="51" type="method" name="__invoke" visibility="public" complexity="3" crap="3" count="9"/>
        <line num="53" type="stmt" count="9"/>
        <line num="54" type="stmt" count="3"/>
        <line num="56" type="stmt" count="9"/>
        <line num="57" type="stmt" count="9"/>
        <line num="58" type="stmt" count="8"/>
        <line num="59" type="stmt" count="8"/>
        <line num="65" type="method" name="finished" visibility="public" complexity="1" crap="1" count="9"/>
        <line num="67" type="stmt" count="9"/>
        <metrics loc="70" ncloc="49" classes="1" methods="6" coveredmethods="6" conditionals="0" coveredconditionals="0" statements="14" coveredstatements="14" elements="20" coveredelements="20"/>
      </file>
    </package>
    <file name="/Users/leemason/ecfectus/pipeline/src/PipelineInterface.php">
      <metrics loc="48" ncloc="16" classes="0" methods="0" coveredmethods="0" conditionals="0" coveredconditionals="0" statements="0" coveredstatements="0" elements="0" coveredelements="0"/>
    </file>
    <metrics files="2" loc="118" ncloc="65" classes="1" methods="6" coveredmethods="6" conditionals="0" coveredconditionals="0" statements="14" coveredstatements="14" elements="20" coveredelements="20"/>
  </project>
</coverage>
